INFO:root:Scraping data links from ensemble rest API and generating ensemble genome Objects
INFO:root:Scraping data links from repeatMask.org of program output
INFO:root:Gettint intersection of species with data in ensembl and repeatMask.org
ERROR:root:Failed to generate histograms for Vicugna pacos | Alpaca
ERROR:root:Failed to generate histograms for Dasypus novemcinctus | Armadillo
ERROR:root:Failed to generate histograms for Crocodylus porosus | Australian saltwater crocodile
ERROR:root:Failed to generate histograms for Otolemur garnettii | Bushbaby
ERROR:root:Failed to generate histograms for Latimeria chalumnae | Coelacanth
ERROR:root:Failed to generate histograms for Tursiops truncatus | Dolphin
ERROR:root:Failed to generate histograms for Loxodonta africana | Elephant
ERROR:root:Failed to generate histograms for Gorilla gorilla gorilla | Gorilla
ERROR:root:Failed to generate histograms for Cavia porcellus | Guinea Pig
ERROR:root:Failed to generate histograms for Erinaceus europaeus | Hedgehog
ERROR:root:Failed to generate histograms for Procavia capensis | Hyrax
ERROR:root:Failed to generate histograms for Petromyzon marinus | Lamprey
ERROR:root:Failed to generate histograms for Echinops telfairi | Lesser hedgehog tenrec
ERROR:root:Failed to generate histograms for Pteropus vampyrus | Megabat
ERROR:root:Failed to generate histograms for Myotis lucifugus | Microbat
ERROR:root:Failed to generate histograms for Ochotona princeps | Pika
ERROR:root:Failed to generate histograms for Sorex araneus | Shrew
ERROR:root:Failed to generate histograms for Choloepus hoffmanni | Sloth
ERROR:root:Failed to generate histograms for Tupaia belangeri | Tree Shrew
WARNING:werkzeug: * Debugger is active!
INFO:werkzeug: * Debugger PIN: 703-911-444
INFO:werkzeug:132.70.66.9 - - [24/Apr/2022 11:38:46] "GET /Chimpanzee HTTP/1.1" 200 -
INFO:werkzeug:132.70.66.9 - - [24/Apr/2022 11:38:47] "[36mGET /static/plotly.js HTTP/1.1[0m" 304 -
INFO:werkzeug:132.70.66.9 - - [24/Apr/2022 11:38:57] "GET /Chimpanzee HTTP/1.1" 200 -
INFO:werkzeug:132.70.66.9 - - [24/Apr/2022 11:38:58] "[36mGET /static/plotly.js HTTP/1.1[0m" 304 -
